<?xml version="1.0" encoding="UTF-8"?>
<!-- Generated by org.testng.reporters.JUnitXMLReporter -->
<testsuite hostname="DESKTOP-5KAN26T" ignored="0" name="Sample test" tests="9" failures="0" timestamp="19 Dec 2018 12:31:27 GMT" time="38.055" errors="0">
  <testcase name="validLoginTest" time="1.987" classname="com.training.sanity.tests.Cyclos_TC06"/>
  <testcase name="validHomeTest" time="1.071" classname="com.training.sanity.tests.Cyclos_TC06"/>
  <testcase name="changePasswordTest" time="2.597" classname="com.training.sanity.tests.Cyclos_TC06"/>
  <testcase name="changePasswordTest" time="2.558" classname="com.training.sanity.tests.Cyclos_TC06"/>
  <testcase name="validLoginTest" time="1.796" classname="com.training.sanity.tests.Cyclos_TC07"/>
  <testcase name="validHomeTest" time="1.131" classname="com.training.sanity.tests.Cyclos_TC07"/>
  <testcase name="changePasswordTest" time="1.482" classname="com.training.sanity.tests.Cyclos_TC07"/>
  <testcase name="validLoginTest" time="2.024" classname="com.training.sanity.tests.Cyclos_TC08"/>
  <testcase name="validHomeTest" time="1.039" classname="com.training.sanity.tests.Cyclos_TC08"/>
</testsuite> <!-- Sample test -->
