<?xml version="1.0" encoding="UTF-8"?>
<!-- Generated by org.testng.reporters.JUnitXMLReporter -->
<testsuite hostname="DESKTOP-5KAN26T" ignored="0" name="Sample test" tests="13" failures="0" timestamp="20 Dec 2018 11:05:23 GMT" time="70.22" errors="0">
  <testcase name="validLoginTest" time="2.373" classname="com.training.sanity.tests.Cyclos_TC06"/>
  <testcase name="validHomeTest" time="1.15" classname="com.training.sanity.tests.Cyclos_TC06"/>
  <testcase name="changePasswordTest" time="2.321" classname="com.training.sanity.tests.Cyclos_TC06"/>
  <testcase name="changePasswordTest" time="2.2" classname="com.training.sanity.tests.Cyclos_TC06"/>
  <testcase name="validLoginTest" time="2.107" classname="com.training.sanity.tests.Cyclos_TC07"/>
  <testcase name="validHomeTest" time="1.397" classname="com.training.sanity.tests.Cyclos_TC07"/>
  <testcase name="changePasswordTest" time="1.655" classname="com.training.sanity.tests.Cyclos_TC07"/>
  <testcase name="validLoginTest" time="2.274" classname="com.training.sanity.tests.Cyclos_TC08"/>
  <testcase name="validHomeTest" time="1.047" classname="com.training.sanity.tests.Cyclos_TC08"/>
  <testcase name="loginPageTest" time="2.409" classname="com.training.sanity.tests.Cyclos_TC09"/>
  <testcase name="profilePageTest" time="1.966" classname="com.training.sanity.tests.Cyclos_TC09"/>
  <testcase name="loginPageTest" time="2.866" classname="com.training.sanity.tests.Cyclos_TC26"/>
  <testcase name="verifyManageLoans" time="2.013" classname="com.training.sanity.tests.Cyclos_TC26"/>
</testsuite> <!-- Sample test -->
