<?xml version="1.0" encoding="UTF-8"?>
<testng-results skipped="0" failed="0" ignored="0" total="9" passed="9">
  <reporter-output>
  </reporter-output>
  <suite name="Cyclos Test Suite" duration-ms="38055" started-at="2018-12-19T12:30:49Z" finished-at="2018-12-19T12:31:27Z">
    <groups>
    </groups>
    <test name="Sample test" duration-ms="38055" started-at="2018-12-19T12:30:49Z" finished-at="2018-12-19T12:31:27Z">
      <class name="com.training.sanity.tests.Cyclos_TC06">
        <test-method status="PASS" signature="setUpBeforeClass()[pri:0, instance:com.training.sanity.tests.Cyclos_TC06@cb5822]" name="setUpBeforeClass" is-config="true" duration-ms="7" started-at="2018-12-19T18:00:49Z" finished-at="2018-12-19T18:00:49Z">
          <reporter-output>
          </reporter-output>
        </test-method> <!-- setUpBeforeClass -->
        <test-method status="PASS" signature="setUpBeforeClass()[pri:0, instance:com.training.sanity.tests.Cyclos_TC07@4b9e13df]" name="setUpBeforeClass" is-config="true" duration-ms="0" started-at="2018-12-19T18:00:49Z" finished-at="2018-12-19T18:00:49Z">
          <reporter-output>
          </reporter-output>
        </test-method> <!-- setUpBeforeClass -->
        <test-method status="PASS" signature="setUpBeforeClass()[pri:0, instance:com.training.sanity.tests.Cyclos_TC08@2b98378d]" name="setUpBeforeClass" is-config="true" duration-ms="0" started-at="2018-12-19T18:00:49Z" finished-at="2018-12-19T18:00:49Z">
          <reporter-output>
          </reporter-output>
        </test-method> <!-- setUpBeforeClass -->
        <test-method status="PASS" signature="setUp()[pri:0, instance:com.training.sanity.tests.Cyclos_TC06@cb5822]" name="setUp" is-config="true" duration-ms="6006" started-at="2018-12-19T18:00:49Z" finished-at="2018-12-19T18:00:55Z">
          <reporter-output>
          </reporter-output>
        </test-method> <!-- setUp -->
        <test-method status="PASS" signature="validLoginTest()[pri:0, instance:com.training.sanity.tests.Cyclos_TC06@cb5822]" name="validLoginTest" duration-ms="1987" started-at="2018-12-19T18:00:55Z" finished-at="2018-12-19T18:00:57Z">
          <reporter-output>
          </reporter-output>
        </test-method> <!-- validLoginTest -->
        <test-method status="PASS" signature="validHomeTest()[pri:0, instance:com.training.sanity.tests.Cyclos_TC06@cb5822]" name="validHomeTest" duration-ms="1071" started-at="2018-12-19T18:00:57Z" depends-on-methods="com.training.sanity.tests.Cyclos_TC06.validLoginTest" finished-at="2018-12-19T18:00:58Z">
          <reporter-output>
          </reporter-output>
        </test-method> <!-- validHomeTest -->
        <test-method status="PASS" signature="changePasswordTest(java.lang.String, java.lang.String)[pri:0, instance:com.training.sanity.tests.Cyclos_TC06@cb5822]" name="changePasswordTest" duration-ms="2597" started-at="2018-12-19T18:00:58Z" data-provider="dp" depends-on-methods="com.training.sanity.tests.Cyclos_TC06.validHomeTest" finished-at="2018-12-19T18:01:01Z">
          <params>
            <param index="0">
              <value>
                <![CDATA[passw0rd]]>
              </value>
            </param>
            <param index="1">
              <value>
                <![CDATA[pass123]]>
              </value>
            </param>
          </params>
          <reporter-output>
          </reporter-output>
        </test-method> <!-- changePasswordTest -->
        <test-method status="PASS" signature="changePasswordTest(java.lang.String, java.lang.String)[pri:0, instance:com.training.sanity.tests.Cyclos_TC06@cb5822]" name="changePasswordTest" duration-ms="2558" started-at="2018-12-19T18:01:01Z" data-provider="dp" depends-on-methods="com.training.sanity.tests.Cyclos_TC06.validHomeTest" finished-at="2018-12-19T18:01:03Z">
          <params>
            <param index="0">
              <value>
                <![CDATA[pass123]]>
              </value>
            </param>
            <param index="1">
              <value>
                <![CDATA[passw0rd]]>
              </value>
            </param>
          </params>
          <reporter-output>
          </reporter-output>
        </test-method> <!-- changePasswordTest -->
        <test-method status="PASS" signature="tearDown()[pri:0, instance:com.training.sanity.tests.Cyclos_TC06@cb5822]" name="tearDown" is-config="true" duration-ms="1893" started-at="2018-12-19T18:01:03Z" finished-at="2018-12-19T18:01:05Z">
          <reporter-output>
          </reporter-output>
        </test-method> <!-- tearDown -->
      </class> <!-- com.training.sanity.tests.Cyclos_TC06 -->
      <class name="com.training.sanity.tests.Cyclos_TC07">
        <test-method status="PASS" signature="setUp()[pri:0, instance:com.training.sanity.tests.Cyclos_TC07@4b9e13df]" name="setUp" is-config="true" duration-ms="5233" started-at="2018-12-19T18:01:05Z" finished-at="2018-12-19T18:01:10Z">
          <reporter-output>
          </reporter-output>
        </test-method> <!-- setUp -->
        <test-method status="PASS" signature="validLoginTest()[pri:0, instance:com.training.sanity.tests.Cyclos_TC07@4b9e13df]" name="validLoginTest" duration-ms="1796" started-at="2018-12-19T18:01:10Z" finished-at="2018-12-19T18:01:12Z">
          <reporter-output>
          </reporter-output>
        </test-method> <!-- validLoginTest -->
        <test-method status="PASS" signature="validHomeTest()[pri:0, instance:com.training.sanity.tests.Cyclos_TC07@4b9e13df]" name="validHomeTest" duration-ms="1131" started-at="2018-12-19T18:01:12Z" depends-on-methods="com.training.sanity.tests.Cyclos_TC07.validLoginTest" finished-at="2018-12-19T18:01:13Z">
          <reporter-output>
          </reporter-output>
        </test-method> <!-- validHomeTest -->
        <test-method status="PASS" signature="changePasswordTest()[pri:0, instance:com.training.sanity.tests.Cyclos_TC07@4b9e13df]" name="changePasswordTest" duration-ms="1482" started-at="2018-12-19T18:01:13Z" depends-on-methods="com.training.sanity.tests.Cyclos_TC07.validHomeTest" finished-at="2018-12-19T18:01:15Z">
          <reporter-output>
          </reporter-output>
        </test-method> <!-- changePasswordTest -->
        <test-method status="PASS" signature="tearDown()[pri:0, instance:com.training.sanity.tests.Cyclos_TC07@4b9e13df]" name="tearDown" is-config="true" duration-ms="1936" started-at="2018-12-19T18:01:15Z" finished-at="2018-12-19T18:01:17Z">
          <reporter-output>
          </reporter-output>
        </test-method> <!-- tearDown -->
      </class> <!-- com.training.sanity.tests.Cyclos_TC07 -->
      <class name="com.training.sanity.tests.Cyclos_TC08">
        <test-method status="PASS" signature="setUp()[pri:0, instance:com.training.sanity.tests.Cyclos_TC08@2b98378d]" name="setUp" is-config="true" duration-ms="5429" started-at="2018-12-19T18:01:17Z" finished-at="2018-12-19T18:01:22Z">
          <reporter-output>
          </reporter-output>
        </test-method> <!-- setUp -->
        <test-method status="PASS" signature="validLoginTest()[pri:0, instance:com.training.sanity.tests.Cyclos_TC08@2b98378d]" name="validLoginTest" duration-ms="2024" started-at="2018-12-19T18:01:22Z" finished-at="2018-12-19T18:01:24Z">
          <reporter-output>
          </reporter-output>
        </test-method> <!-- validLoginTest -->
        <test-method status="PASS" signature="validHomeTest()[pri:0, instance:com.training.sanity.tests.Cyclos_TC08@2b98378d]" name="validHomeTest" duration-ms="1039" started-at="2018-12-19T18:01:24Z" depends-on-methods="com.training.sanity.tests.Cyclos_TC08.validLoginTest" finished-at="2018-12-19T18:01:25Z">
          <reporter-output>
          </reporter-output>
        </test-method> <!-- validHomeTest -->
        <test-method status="PASS" signature="tearDown()[pri:0, instance:com.training.sanity.tests.Cyclos_TC08@2b98378d]" name="tearDown" is-config="true" duration-ms="1812" started-at="2018-12-19T18:01:25Z" finished-at="2018-12-19T18:01:27Z">
          <reporter-output>
          </reporter-output>
        </test-method> <!-- tearDown -->
      </class> <!-- com.training.sanity.tests.Cyclos_TC08 -->
    </test> <!-- Sample test -->
  </suite> <!-- Cyclos Test Suite -->
</testng-results>
