<?xml version="1.0" encoding="UTF-8"?>
<!-- Generated by org.testng.reporters.JUnitXMLReporter -->
<testsuite hostname="DESKTOP-5KAN26T" ignored="0" name="Sample test" tests="7" failures="0" timestamp="19 Dec 2018 11:22:01 GMT" time="28.557" errors="0">
  <testcase name="validLoginTest" time="1.919" classname="com.training.sanity.tests.Cyclos_TC06"/>
  <testcase name="validHomeTest" time="1.271" classname="com.training.sanity.tests.Cyclos_TC06"/>
  <testcase name="changePasswordTest" time="2.58" classname="com.training.sanity.tests.Cyclos_TC06"/>
  <testcase name="changePasswordTest" time="2.477" classname="com.training.sanity.tests.Cyclos_TC06"/>
  <testcase name="validLoginTest" time="1.715" classname="com.training.sanity.tests.Cyclos_TC07"/>
  <testcase name="validHomeTest" time="1.091" classname="com.training.sanity.tests.Cyclos_TC07"/>
  <testcase name="changePasswordTest" time="1.446" classname="com.training.sanity.tests.Cyclos_TC07"/>
</testsuite> <!-- Sample test -->
